sfml-graphics-s-d.lib(RenderTarget.cpp.obj) : error LNK2019: symbole externe non résolu glBlendFunc référencé dans la fonction "private: void __cdecl sf::RenderTarget::applyBlendMode(struct sf::BlendMode const &)" (?applyBlendMode@RenderTarget@sf@@AEAAXAEBUBlendMode@2@@Z)
sfml-graphics-s-d.lib(RenderTarget.cpp.obj) : error LNK2019: symbole externe non résolu glClear référencé dans la fonction "public: void __cdecl sf::RenderTarget::clear(class sf::Color const &)" (?clear@RenderTarget@sf@@QEAAXAEBVColor@2@@Z)
sfml-graphics-s-d.lib(RenderTarget.cpp.obj) : error LNK2019: symbole externe non résolu glClearColor référencé dans la fonction "public: void __cdecl sf::RenderTarget::clear(class sf::Color const &)" (?clear@RenderTarget@sf@@QEAAXAEBVColor@2@@Z)
sfml-graphics-s-d.lib(RenderTarget.cpp.obj) : error LNK2019: symbole externe non résolu glDisable référencé dans la fonction "public: void __cdecl sf::RenderTarget::resetGLStates(void)" (?resetGLStates@RenderTarget@sf@@QEAAXXZ)
sfml-graphics-s-d.lib(RenderTarget.cpp.obj) : error LNK2019: symbole externe non résolu glEnable référencé dans la fonction "public: void __cdecl sf::RenderTarget::resetGLStates(void)" (?resetGLStates@RenderTarget@sf@@QEAAXXZ)
sfml-graphics-s-d.lib(RenderTarget.cpp.obj) : error LNK2019: symbole externe non résolu glGetError référencé dans la fonction "public: void __cdecl sf::RenderTarget::pushGLStates(void)" (?pushGLStates@RenderTarget@sf@@QEAAXXZ)
sfml-graphics-s-d.lib(GLExtensions.cpp.obj) : error LNK2001: symbole externe non résolu glGetError
sfml-graphics-s-d.lib(GLCheck.cpp.obj) : error LNK2001: symbole externe non résolu glGetError
sfml-graphics-s-d.lib(RenderTarget.cpp.obj) : error LNK2019: symbole externe non résolu glLoadIdentity référencé dans la fonction "public: void __cdecl sf::RenderTarget::resetGLStates(void)" (?resetGLStates@RenderTarget@sf@@QEAAXXZ)
sfml-graphics-s-d.lib(Texture.cpp.obj) : error LNK2001: symbole externe non résolu glLoadIdentity
sfml-graphics-s-d.lib(RenderTarget.cpp.obj) : error LNK2019: symbole externe non résolu glLoadMatrixf référencé dans la fonction "private: void __cdecl sf::RenderTarget::applyCurrentView(void)" (?applyCurrentView@RenderTarget@sf@@AEAAXXZ)
sfml-graphics-s-d.lib(Texture.cpp.obj) : error LNK2001: symbole externe non résolu glLoadMatrixf
sfml-graphics-s-d.lib(RenderTarget.cpp.obj) : error LNK2019: symbole externe non résolu glMatrixMode référencé dans la fonction "public: void __cdecl sf::RenderTarget::pushGLStates(void)" (?pushGLStates@RenderTarget@sf@@QEAAXXZ)
sfml-graphics-s-d.lib(Texture.cpp.obj) : error LNK2001: symbole externe non résolu glMatrixMode
sfml-graphics-s-d.lib(RenderTarget.cpp.obj) : error LNK2019: symbole externe non résolu glPopAttrib référencé dans la fonction "public: void __cdecl sf::RenderTarget::popGLStates(void)" (?popGLStates@RenderTarget@sf@@QEAAXXZ)
sfml-graphics-s-d.lib(RenderTarget.cpp.obj) : error LNK2019: symbole externe non résolu glPopMatrix référencé dans la fonction "public: void __cdecl sf::RenderTarget::popGLStates(void)" (?popGLStates@RenderTarget@sf@@QEAAXXZ)
sfml-graphics-s-d.lib(RenderTarget.cpp.obj) : error LNK2019: symbole externe non résolu glPushAttrib référencé dans la fonction "public: void __cdecl sf::RenderTarget::pushGLStates(void)" (?pushGLStates@RenderTarget@sf@@QEAAXXZ)
sfml-graphics-s-d.lib(RenderTarget.cpp.obj) : error LNK2019: symbole externe non résolu glPushMatrix référencé dans la fonction "public: void __cdecl sf::RenderTarget::pushGLStates(void)" (?pushGLStates@RenderTarget@sf@@QEAAXXZ)
sfml-graphics-s-d.lib(RenderTarget.cpp.obj) : error LNK2019: symbole externe non résolu glViewport référencé dans la fonction "private: void __cdecl sf::RenderTarget::applyCurrentView(void)" (?applyCurrentView@RenderTarget@sf@@AEAAXXZ)
sfml-graphics-s-d.lib(RenderTarget.cpp.obj) : error LNK2019: symbole externe non résolu glColorPointer référencé dans la fonction "public: void __cdecl sf::RenderTarget::draw(class sf::Vertex const *,unsigned __int64,enum sf::PrimitiveType,class sf::RenderStates const &)" (?draw@RenderTarget@sf@@QEAAXPEBVVertex@2@_KW4PrimitiveType@2@AEBVRenderStates@2@@Z)
sfml-graphics-s-d.lib(RenderTarget.cpp.obj) : error LNK2019: symbole externe non résolu glDisableClientState référencé dans la fonction "public: void __cdecl sf::RenderTarget::draw(class sf::Vertex const *,unsigned __int64,enum sf::PrimitiveType,class sf::RenderStates const &)" (?draw@RenderTarget@sf@@QEAAXPEBVVertex@2@_KW4PrimitiveType@2@AEBVRenderStates@2@@Z)
sfml-graphics-s-d.lib(RenderTarget.cpp.obj) : error LNK2019: symbole externe non résolu glDrawArrays référencé dans la fonction "private: void __cdecl sf::RenderTarget::drawPrimitives(enum sf::PrimitiveType,unsigned __int64,unsigned __int64)" (?drawPrimitives@RenderTarget@sf@@AEAAXW4PrimitiveType@2@_K1@Z)
sfml-graphics-s-d.lib(RenderTarget.cpp.obj) : error LNK2019: symbole externe non résolu glEnableClientState référencé dans la fonction "public: void __cdecl sf::RenderTarget::draw(class sf::Vertex const *,unsigned __int64,enum sf::PrimitiveType,class sf::RenderStates const &)" (?draw@RenderTarget@sf@@QEAAXPEBVVertex@2@_KW4PrimitiveType@2@AEBVRenderStates@2@@Z)
sfml-graphics-s-d.lib(RenderTarget.cpp.obj) : error LNK2019: symbole externe non résolu glPopClientAttrib référencé dans la fonction "public: void __cdecl sf::RenderTarget::popGLStates(void)" (?popGLStates@RenderTarget@sf@@QEAAXXZ)
sfml-graphics-s-d.lib(RenderTarget.cpp.obj) : error LNK2019: symbole externe non résolu glPushClientAttrib référencé dans la fonction "public: void __cdecl sf::RenderTarget::pushGLStates(void)" (?pushGLStates@RenderTarget@sf@@QEAAXXZ)
sfml-graphics-s-d.lib(RenderTarget.cpp.obj) : error LNK2019: symbole externe non résolu glTexCoordPointer référencé dans la fonction "public: void __cdecl sf::RenderTarget::draw(class sf::Vertex const *,unsigned __int64,enum sf::PrimitiveType,class sf::RenderStates const &)" (?draw@RenderTarget@sf@@QEAAXPEBVVertex@2@_KW4PrimitiveType@2@AEBVRenderStates@2@@Z)
sfml-graphics-s-d.lib(RenderTarget.cpp.obj) : error LNK2019: symbole externe non résolu glVertexPointer référencé dans la fonction "public: void __cdecl sf::RenderTarget::draw(class sf::Vertex const *,unsigned __int64,enum sf::PrimitiveType,class sf::RenderStates const &)" (?draw@RenderTarget@sf@@QEAAXPEBVVertex@2@_KW4PrimitiveType@2@AEBVRenderStates@2@@Z)
sfml-graphics-s-d.lib(Texture.cpp.obj) : error LNK2019: symbole externe non résolu glFlush référencé dans la fonction "public: __cdecl sf::Texture::Texture(class sf::Texture const &)" (??0Texture@sf@@QEAA@AEBV01@@Z)
sfml-graphics-s-d.lib(Shader.cpp.obj) : error LNK2001: symbole externe non résolu glFlush
sfml-graphics-s-d.lib(TextureSaver.cpp.obj) : error LNK2001: symbole externe non résolu glGetIntegerv
sfml-graphics-s-d.lib(Texture.cpp.obj) : error LNK2001: symbole externe non résolu glGetIntegerv
sfml-graphics-s-d.lib(Shader.cpp.obj) : error LNK2001: symbole externe non résolu glGetIntegerv
sfml-graphics-s-d.lib(GLExtensions.cpp.obj) : error LNK2001: symbole externe non résolu glGetIntegerv
sfml-graphics-s-d.lib(RenderTextureImplFBO.cpp.obj) : error LNK2001: symbole externe non résolu glGetIntegerv
sfml-graphics-s-d.lib(Texture.cpp.obj) : error LNK2019: symbole externe non résolu glGetTexImage référencé dans la fonction "public: class sf::Image __cdecl sf::Texture::copyToImage(void)const " (?copyToImage@Texture@sf@@QEBA?AVImage@2@XZ)
sfml-graphics-s-d.lib(Texture.cpp.obj) : error LNK2019: symbole externe non résolu glTexImage2D référencé dans la fonction "public: bool __cdecl sf::Texture::create(unsigned int,unsigned int)" (?create@Texture@sf@@QEAA_NII@Z)
sfml-graphics-s-d.lib(Texture.cpp.obj) : error LNK2019: symbole externe non résolu glTexParameteri référencé dans la fonction "public: bool __cdecl sf::Texture::create(unsigned int,unsigned int)" (?create@Texture@sf@@QEAA_NII@Z)
sfml-graphics-s-d.lib(Texture.cpp.obj) : error LNK2019: symbole externe non résolu glBindTexture référencé dans la fonction "public: bool __cdecl sf::Texture::create(unsigned int,unsigned int)" (?create@Texture@sf@@QEAA_NII@Z)
sfml-graphics-s-d.lib(TextureSaver.cpp.obj) : error LNK2001: symbole externe non résolu glBindTexture
sfml-graphics-s-d.lib(Texture.cpp.obj) : error LNK2019: symbole externe non résolu glCopyTexSubImage2D référencé dans la fonction "public: void __cdecl sf::Texture::update(class sf::Window const &,unsigned int,unsigned int)" (?update@Texture@sf@@QEAAXAEBVWindow@2@II@Z)
sfml-graphics-s-d.lib(Texture.cpp.obj) : error LNK2019: symbole externe non résolu glDeleteTextures référencé dans la fonction "public: __cdecl sf::Texture::~Texture(void)" (??1Texture@sf@@QEAA@XZ)
sfml-graphics-s-d.lib(Texture.cpp.obj) : error LNK2019: symbole externe non résolu glGenTextures référencé dans la fonction "public: bool __cdecl sf::Texture::create(unsigned int,unsigned int)" (?create@Texture@sf@@QEAA_NII@Z)
sfml-graphics-s-d.lib(Texture.cpp.obj) : error LNK2019: symbole externe non résolu glTexSubImage2D référencé dans la fonction "public: bool __cdecl sf::Texture::loadFromImage(class sf::Image const &,class sf::Rect<int> const &)" (?loadFromImage@Texture@sf@@QEAA_NAEBVImage@2@AEBV?$Rect@H@2@@Z)
sfml-graphics-s-d.lib(GLExtensions.cpp.obj) : error LNK2019: symbole externe non résolu glGetString référencé dans la fonction "void __cdecl sf::priv::ensureExtensionsInit(void)" (?ensureExtensionsInit@priv@sf@@YAXXZ)
sfml-window-s-d.lib(GlContext.cpp.obj) : error LNK2019: symbole externe non résolu __imp_glEnable référencé dans la fonction "private: void __cdecl sf::priv::GlContext::initialize(struct sf::ContextSettings const &)" (?initialize@GlContext@priv@sf@@AEAAXAEBUContextSettings@3@@Z)
sfml-window-s-d.lib(GlContext.cpp.obj) : error LNK2019: symbole externe non résolu __imp_glGetError référencé dans la fonction "public: static void __cdecl sf::priv::GlContext::initResource(void)" (?initResource@GlContext@priv@sf@@SAXXZ)
sfml-window-s-d.lib(GlContext.cpp.obj) : error LNK2019: symbole externe non résolu __imp_glGetIntegerv référencé dans la fonction "public: static void __cdecl sf::priv::GlContext::initResource(void)" (?initResource@GlContext@priv@sf@@SAXXZ)
sfml-window-s-d.lib(GlContext.cpp.obj) : error LNK2019: symbole externe non résolu __imp_glGetString référencé dans la fonction "public: static void __cdecl sf::priv::GlContext::initResource(void)" (?initResource@GlContext@priv@sf@@SAXXZ)
sfml-window-s-d.lib(GlContext.cpp.obj) : error LNK2019: symbole externe non résolu __imp_glIsEnabled référencé dans la fonction "private: void __cdecl sf::priv::GlContext::initialize(struct sf::ContextSettings const &)" (?initialize@GlContext@priv@sf@@AEAAXAEBUContextSettings@3@@Z)
sfml-window-s-d.lib(WglContext.cpp.obj) : error LNK2019: symbole externe non résolu __imp_wglCreateContext référencé dans la fonction "private: void __cdecl sf::priv::WglContext::createContext(class sf::priv::WglContext *)" (?createContext@WglContext@priv@sf@@AEAAXPEAV123@@Z)
sfml-window-s-d.lib(WglContext.cpp.obj) : error LNK2019: symbole externe non résolu __imp_wglDeleteContext référencé dans la fonction "public: virtual __cdecl sf::priv::WglContext::~WglContext(void)" (??1WglContext@priv@sf@@UEAA@XZ)
sfml-window-s-d.lib(WglContext.cpp.obj) : error LNK2019: symbole externe non résolu __imp_wglGetProcAddress référencé dans la fonction "public: static void (__cdecl*__cdecl sf::priv::WglContext::getFunction(char const *))(void)" (?getFunction@WglContext@priv@sf@@SAP6AXXZPEBD@Z)
sfml-window-s-d.lib(WglContext.cpp.obj) : error LNK2019: symbole externe non résolu __imp_wglMakeCurrent référencé dans la fonction "public: virtual __cdecl sf::priv::WglContext::~WglContext(void)" (??1WglContext@priv@sf@@UEAA@XZ)
sfml-window-s-d.lib(WglContext.cpp.obj) : error LNK2019: symbole externe non résolu __imp_wglShareLists référencé dans la fonction "private: void __cdecl sf::priv::WglContext::createContext(class sf::priv::WglContext *)" (?createContext@WglContext@priv@sf@@AEAAXPEAV123@@Z)
sfml-window-s-d.lib(JoystickImpl.cpp.obj) : error LNK2019: symbole externe non résolu __imp_joyGetPosEx référencé dans la fonction "public: static bool __cdecl sf::priv::JoystickImpl::isConnected(unsigned int)" (?isConnected@JoystickImpl@priv@sf@@SA_NI@Z)
sfml-window-s-d.lib(JoystickImpl.cpp.obj) : error LNK2019: symbole externe non résolu __imp_joyGetDevCapsW référencé dans la fonction "public: bool __cdecl sf::priv::JoystickImpl::open(unsigned int)" (?open@JoystickImpl@priv@sf@@QEAA_NI@Z)
sfml-system-s-d.lib(SleepImpl.cpp.obj) : error LNK2019: symbole externe non résolu __imp_timeGetDevCaps référencé dans la fonction "void __cdecl sf::priv::sleepImpl(class sf::Time)" (?sleepImpl@priv@sf@@YAXVTime@2@@Z)
sfml-system-s-d.lib(SleepImpl.cpp.obj) : error LNK2019: symbole externe non résolu __imp_timeBeginPeriod référencé dans la fonction "void __cdecl sf::priv::sleepImpl(class sf::Time)" (?sleepImpl@priv@sf@@YAXVTime@2@@Z)
sfml-system-s-d.lib(SleepImpl.cpp.obj) : error LNK2019: symbole externe non résolu __imp_timeEndPeriod référencé dans la fonction "void __cdecl sf::priv::sleepImpl(class sf::Time)" (?sleepImpl@priv@sf@@YAXVTime@2@@Z)
C:\Users\adrie\Documents\Cours_Isitech\Projet_SFML\x64\Debug\Projet_SFML.exe : fatal error LNK1120: 48 externes non résolus
